<?xml version="1.0" encoding="UTF-8"?>
<!-- Generated by org.testng.reporters.JUnitXMLReporter -->
<testsuite ignored="0" hostname="DESKTOP-38FAHB1" failures="0" tests="4" name="Medicare Application TestCases" time="194.402" errors="0" timestamp="13 May 2021 19:40:16 GMT">
  <testcase classname="com.medicare.qa.testcases.AboutPageTest" name="verifyAboutPageTest" time="9.006"/>
  <testcase classname="com.medicare.qa.testcases.OrderConfirmTest" name="addToCartOrderConfirm" time="35.425"/>
  <testcase classname="com.medicare.qa.testcases.ContactPageTest" name="verifyContactPageTest" time="7.411"/>
  <testcase classname="com.medicare.qa.testcases.NewUserRegistrationTest" name="createNewUser" time="12.505"/>
</testsuite> <!-- Medicare Application TestCases -->
