<?xml version="1.0" encoding="UTF-8"?>
<testng-results ignored="0" total="1" passed="1" failed="0" skipped="0">
  <reporter-output>
  </reporter-output>
  <suite started-at="2020-12-07T20:20:42Z" name="Default suite" finished-at="2020-12-07T20:20:51Z" duration-ms="9738">
    <groups>
    </groups>
    <test started-at="2020-12-07T20:20:42Z" name="Default test" finished-at="2020-12-07T20:20:51Z" duration-ms="9738">
      <class name="tests.FirstPostRequestClass">
        <test-method signature="createPostPMethod()[pri:0, instance:tests.FirstPostRequestClass@4f638935]" started-at="2020-12-07T20:20:42Z" name="createPostPMethod" finished-at="2020-12-07T20:20:51Z" duration-ms="9664" status="PASS">
          <reporter-output>
          </reporter-output>
        </test-method> <!-- createPostPMethod -->
      </class> <!-- tests.FirstPostRequestClass -->
    </test> <!-- Default test -->
  </suite> <!-- Default suite -->
</testng-results>
