<?xml version="1.0" encoding="UTF-8"?>
<testng-results ignored="0" total="4" passed="4" failed="0" skipped="0">
  <reporter-output>
  </reporter-output>
  <suite started-at="2021-05-13T19:37:00Z" name="Medicare Application Test Suite" finished-at="2021-05-13T19:40:14Z" duration-ms="194402">
    <groups>
    </groups>
    <test started-at="2021-05-13T19:37:00Z" name="Medicare Application TestCases" finished-at="2021-05-13T19:40:14Z" duration-ms="194402">
      <class name="com.medicare.qa.testcases.OrderConfirmTest">
        <test-method is-config="true" signature="setup()[pri:0, instance:com.medicare.qa.testcases.OrderConfirmTest@6b19b79]" started-at="2021-05-13T19:37:45Z" name="setup" finished-at="2021-05-13T19:38:30Z" duration-ms="44836" status="PASS">
          <reporter-output>
          </reporter-output>
        </test-method> <!-- setup -->
        <test-method signature="addToCartOrderConfirm()[pri:0, instance:com.medicare.qa.testcases.OrderConfirmTest@6b19b79]" started-at="2021-05-13T19:38:30Z" name="addToCartOrderConfirm" finished-at="2021-05-13T19:39:05Z" duration-ms="35425" status="PASS">
          <reporter-output>
          </reporter-output>
        </test-method> <!-- addToCartOrderConfirm -->
        <test-method is-config="true" signature="teardown()[pri:0, instance:com.medicare.qa.testcases.OrderConfirmTest@6b19b79]" started-at="2021-05-13T19:39:05Z" name="teardown" finished-at="2021-05-13T19:39:07Z" duration-ms="1641" status="PASS">
          <reporter-output>
          </reporter-output>
        </test-method> <!-- teardown -->
      </class> <!-- com.medicare.qa.testcases.OrderConfirmTest -->
      <class name="com.medicare.qa.testcases.AboutPageTest">
        <test-method is-config="true" signature="setup()[pri:0, instance:com.medicare.qa.testcases.AboutPageTest@7d3a22a9]" started-at="2021-05-13T19:37:00Z" name="setup" finished-at="2021-05-13T19:37:33Z" duration-ms="32593" status="PASS">
          <reporter-output>
          </reporter-output>
        </test-method> <!-- setup -->
        <test-method signature="verifyAboutPageTest()[pri:0, instance:com.medicare.qa.testcases.AboutPageTest@7d3a22a9]" started-at="2021-05-13T19:37:33Z" name="verifyAboutPageTest" finished-at="2021-05-13T19:37:42Z" duration-ms="9006" status="PASS">
          <reporter-output>
          </reporter-output>
        </test-method> <!-- verifyAboutPageTest -->
        <test-method is-config="true" signature="teardown()[pri:0, instance:com.medicare.qa.testcases.AboutPageTest@7d3a22a9]" started-at="2021-05-13T19:37:42Z" name="teardown" finished-at="2021-05-13T19:37:45Z" duration-ms="2955" status="PASS">
          <reporter-output>
          </reporter-output>
        </test-method> <!-- teardown -->
      </class> <!-- com.medicare.qa.testcases.AboutPageTest -->
      <class name="com.medicare.qa.testcases.NewUserRegistrationTest">
        <test-method is-config="true" signature="setup()[pri:0, instance:com.medicare.qa.testcases.NewUserRegistrationTest@2a32de6c]" started-at="2021-05-13T19:39:47Z" name="setup" finished-at="2021-05-13T19:40:01Z" duration-ms="13630" status="PASS">
          <reporter-output>
          </reporter-output>
        </test-method> <!-- setup -->
        <test-method signature="createNewUser(java.lang.String, java.lang.String, java.lang.String, java.lang.String, java.lang.String, java.lang.String, java.lang.String)[pri:0, instance:com.medicare.qa.testcases.NewUserRegistrationTest@2a32de6c]" started-at="2021-05-13T19:40:01Z" name="createNewUser" data-provider="getRegisterTestData" finished-at="2021-05-13T19:40:13Z" duration-ms="12505" status="PASS">
          <params>
            <param index="0">
              <value>
                <![CDATA[dev1]]>
              </value>
            </param>
            <param index="1">
              <value>
                <![CDATA[dev]]>
              </value>
            </param>
            <param index="2">
              <value>
                <![CDATA[dev1@gmail.com]]>
              </value>
            </param>
            <param index="3">
              <value>
                <![CDATA[9.12456781E9]]>
              </value>
            </param>
            <param index="4">
              <value>
                <![CDATA[dev123]]>
              </value>
            </param>
            <param index="5">
              <value>
                <![CDATA[dev123]]>
              </value>
            </param>
            <param index="6">
              <value>
                <![CDATA[SUPPLIER]]>
              </value>
            </param>
          </params>
          <reporter-output>
          </reporter-output>
        </test-method> <!-- createNewUser -->
        <test-method is-config="true" signature="teardown()[pri:0, instance:com.medicare.qa.testcases.NewUserRegistrationTest@2a32de6c]" started-at="2021-05-13T19:40:13Z" name="teardown" finished-at="2021-05-13T19:40:14Z" duration-ms="1250" status="PASS">
          <reporter-output>
          </reporter-output>
        </test-method> <!-- teardown -->
      </class> <!-- com.medicare.qa.testcases.NewUserRegistrationTest -->
      <class name="com.medicare.qa.testcases.ContactPageTest">
        <test-method is-config="true" signature="setup()[pri:0, instance:com.medicare.qa.testcases.ContactPageTest@1d082e88]" started-at="2021-05-13T19:39:07Z" name="setup" finished-at="2021-05-13T19:39:35Z" duration-ms="28180" status="PASS">
          <reporter-output>
          </reporter-output>
        </test-method> <!-- setup -->
        <test-method signature="verifyContactPageTest()[pri:0, instance:com.medicare.qa.testcases.ContactPageTest@1d082e88]" started-at="2021-05-13T19:39:35Z" name="verifyContactPageTest" finished-at="2021-05-13T19:39:42Z" duration-ms="7411" status="PASS">
          <reporter-output>
          </reporter-output>
        </test-method> <!-- verifyContactPageTest -->
        <test-method is-config="true" signature="teardown()[pri:0, instance:com.medicare.qa.testcases.ContactPageTest@1d082e88]" started-at="2021-05-13T19:39:42Z" name="teardown" finished-at="2021-05-13T19:39:43Z" duration-ms="1215" status="PASS">
          <reporter-output>
          </reporter-output>
        </test-method> <!-- teardown -->
      </class> <!-- com.medicare.qa.testcases.ContactPageTest -->
    </test> <!-- Medicare Application TestCases -->
  </suite> <!-- Medicare Application Test Suite -->
</testng-results>
